<?xml version="1.0" encoding="UTF-8"?>
<!-- Generated by org.testng.reporters.JUnitReportReporter -->
<testsuite hostname="DESKTOP-H3SL47G" name="StartWars.BaseClass" tests="1" failures="0" timestamp="21 May 2019 04:21:13 GMT" time="13.287" errors="0">
  <testcase name="testEverything" time="13.287" classname="StartWars.BaseClass"/>
</testsuite> <!-- StartWars.BaseClass -->
